<?xml version="1.0" encoding="UTF-8"?>
<!-- Generated by org.testng.reporters.JUnitReportReporter -->
<testsuite hostname="aspire785" name="com.projectName.test.functional.moduleName1.CopyOfHomePageTest" tests="3" failures="0" timestamp="8 Oct 2014 18:04:33 GMT" time="37.248" errors="0">
  <testcase name="homePageTest2" time="13.203" classname="com.projectName.test.functional.moduleName1.CopyOfHomePageTest"/>
  <testcase name="homePageTest1" time="12.399" classname="com.projectName.test.functional.moduleName1.CopyOfHomePageTest"/>
  <testcase name="homePageTest3" time="11.646" classname="com.projectName.test.functional.moduleName1.CopyOfHomePageTest"/>
</testsuite> <!-- com.projectName.test.functional.moduleName1.CopyOfHomePageTest -->
