<?xml version="1.0" encoding="UTF-8"?>
<!-- Generated by org.testng.reporters.JUnitReportReporter -->
<testsuite hostname="aspire984" name="com.projectName.test.functional.moduleName1.LoginTest" tests="1" failures="0" timestamp="11 Oct 2014 07:47:44 GMT" time="12.113" errors="0">
  <testcase name="loginTest1" time="12.113" classname="com.projectName.test.functional.moduleName1.LoginTest"/>
</testsuite> <!-- com.projectName.test.functional.moduleName1.LoginTest -->
